1659589028.621416 client started (36457): version 3.3a, socket /tmp/tmux-1000/default, protocol 8
1659589028.621471 on Linux 5.18.15-arch1-1 #1 SMP PREEMPT_DYNAMIC Fri, 29 Jul 2022 22:52:39 +0000
1659589028.621482 using libevent 2.1.12-stable (poll); ncurses 6.3
1659589028.621521 flags are 0x18010000
1659589028.621530 socket is /tmp/tmux-1000/default
1659589028.621551 trying connect
1659589028.621584 connect failed: No such file or directory
1659589028.621605 lock file is /tmp/tmux-1000/default.lock
1659589028.621632 flock succeeded
1659589028.621640 got lock (6)
1659589028.621654 trying connect
1659589028.621673 connect failed: No such file or directory
1659589028.622173 add peer 0x5566c13aea50: 7 ((nil))
1659589028.623144 sending message 100 to peer 0x5566c13aea50 (4 bytes)
1659589028.623169 sending message 111 to peer 0x5566c13aea50 (8 bytes)
1659589028.623180 sending message 101 to peer 0x5566c13aea50 (10 bytes)
1659589028.623189 sending message 109 to peer 0x5566c13aea50 (4 bytes)
1659589028.623197 sending message 102 to peer 0x5566c13aea50 (11 bytes)
1659589028.623206 sending message 108 to peer 0x5566c13aea50 (36 bytes)
1659589028.623216 sending message 112 to peer 0x5566c13aea50 (58 bytes)
1659589028.623224 sending message 112 to peer 0x5566c13aea50 (5 bytes)
1659589028.623233 sending message 112 to peer 0x5566c13aea50 (5 bytes)
1659589028.623241 sending message 112 to peer 0x5566c13aea50 (6 bytes)
1659589028.623250 sending message 112 to peer 0x5566c13aea50 (6 bytes)
1659589028.623258 sending message 112 to peer 0x5566c13aea50 (11 bytes)
1659589028.623266 sending message 112 to peer 0x5566c13aea50 (10 bytes)
1659589028.623274 sending message 112 to peer 0x5566c13aea50 (13 bytes)
1659589028.623282 sending message 112 to peer 0x5566c13aea50 (14 bytes)
1659589028.623290 sending message 112 to peer 0x5566c13aea50 (19 bytes)
1659589028.623298 sending message 112 to peer 0x5566c13aea50 (11 bytes)
1659589028.623307 sending message 112 to peer 0x5566c13aea50 (10 bytes)
1659589028.623316 sending message 112 to peer 0x5566c13aea50 (15 bytes)
1659589028.623324 sending message 112 to peer 0x5566c13aea50 (21 bytes)
1659589028.623333 sending message 112 to peer 0x5566c13aea50 (13 bytes)
1659589028.623341 sending message 112 to peer 0x5566c13aea50 (7 bytes)
1659589028.623350 sending message 112 to peer 0x5566c13aea50 (13 bytes)
1659589028.623358 sending message 112 to peer 0x5566c13aea50 (7 bytes)
1659589028.623366 sending message 112 to peer 0x5566c13aea50 (13 bytes)
1659589028.623375 sending message 112 to peer 0x5566c13aea50 (9 bytes)
1659589028.623383 sending message 112 to peer 0x5566c13aea50 (21 bytes)
1659589028.623392 sending message 112 to peer 0x5566c13aea50 (13 bytes)
1659589028.623400 sending message 112 to peer 0x5566c13aea50 (9 bytes)
1659589028.623409 sending message 112 to peer 0x5566c13aea50 (16 bytes)
1659589028.623418 sending message 112 to peer 0x5566c13aea50 (13 bytes)
1659589028.623426 sending message 112 to peer 0x5566c13aea50 (9 bytes)
1659589028.623439 sending message 112 to peer 0x5566c13aea50 (9 bytes)
1659589028.623484 sending message 112 to peer 0x5566c13aea50 (12 bytes)
1659589028.623497 sending message 112 to peer 0x5566c13aea50 (8 bytes)
1659589028.623505 sending message 112 to peer 0x5566c13aea50 (8 bytes)
1659589028.623513 sending message 112 to peer 0x5566c13aea50 (13 bytes)
1659589028.623522 sending message 112 to peer 0x5566c13aea50 (7 bytes)
1659589028.623530 sending message 112 to peer 0x5566c13aea50 (7 bytes)
1659589028.623538 sending message 112 to peer 0x5566c13aea50 (9 bytes)
1659589028.623546 sending message 112 to peer 0x5566c13aea50 (6 bytes)
1659589028.623554 sending message 112 to peer 0x5566c13aea50 (9 bytes)
1659589028.623563 sending message 112 to peer 0x5566c13aea50 (15 bytes)
1659589028.623571 sending message 112 to peer 0x5566c13aea50 (13 bytes)
1659589028.623579 sending message 112 to peer 0x5566c13aea50 (12 bytes)
1659589028.623588 sending message 112 to peer 0x5566c13aea50 (8 bytes)
1659589028.623596 sending message 112 to peer 0x5566c13aea50 (14 bytes)
1659589028.623604 sending message 112 to peer 0x5566c13aea50 (11 bytes)
1659589028.623630 sending message 112 to peer 0x5566c13aea50 (9 bytes)
1659589028.623639 sending message 112 to peer 0x5566c13aea50 (10 bytes)
1659589028.623648 sending message 112 to peer 0x5566c13aea50 (10 bytes)
1659589028.623656 sending message 112 to peer 0x5566c13aea50 (10 bytes)
1659589028.623665 sending message 112 to peer 0x5566c13aea50 (10 bytes)
1659589028.623674 sending message 112 to peer 0x5566c13aea50 (11 bytes)
1659589028.623682 sending message 112 to peer 0x5566c13aea50 (12 bytes)
1659589028.623691 sending message 112 to peer 0x5566c13aea50 (12 bytes)
1659589028.623700 sending message 112 to peer 0x5566c13aea50 (12 bytes)
1659589028.623709 sending message 112 to peer 0x5566c13aea50 (12 bytes)
1659589028.623718 sending message 112 to peer 0x5566c13aea50 (12 bytes)
1659589028.623727 sending message 112 to peer 0x5566c13aea50 (11 bytes)
1659589028.623736 sending message 112 to peer 0x5566c13aea50 (11 bytes)
1659589028.623744 sending message 112 to peer 0x5566c13aea50 (12 bytes)
1659589028.623753 sending message 112 to peer 0x5566c13aea50 (12 bytes)
1659589028.623761 sending message 112 to peer 0x5566c13aea50 (12 bytes)
1659589028.623770 sending message 112 to peer 0x5566c13aea50 (12 bytes)
1659589028.623779 sending message 112 to peer 0x5566c13aea50 (12 bytes)
1659589028.623788 sending message 112 to peer 0x5566c13aea50 (9 bytes)
1659589028.623797 sending message 112 to peer 0x5566c13aea50 (12 bytes)
1659589028.623806 sending message 112 to peer 0x5566c13aea50 (13 bytes)
1659589028.623814 sending message 112 to peer 0x5566c13aea50 (13 bytes)
1659589028.623823 sending message 112 to peer 0x5566c13aea50 (13 bytes)
1659589028.623831 sending message 112 to peer 0x5566c13aea50 (13 bytes)
1659589028.623839 sending message 112 to peer 0x5566c13aea50 (13 bytes)
1659589028.623848 sending message 112 to peer 0x5566c13aea50 (8 bytes)
1659589028.623857 sending message 112 to peer 0x5566c13aea50 (11 bytes)
1659589028.623865 sending message 112 to peer 0x5566c13aea50 (11 bytes)
1659589028.623874 sending message 112 to peer 0x5566c13aea50 (11 bytes)
1659589028.623883 sending message 112 to peer 0x5566c13aea50 (12 bytes)
1659589028.623891 sending message 112 to peer 0x5566c13aea50 (12 bytes)
1659589028.623900 sending message 112 to peer 0x5566c13aea50 (12 bytes)
1659589028.623910 sending message 112 to peer 0x5566c13aea50 (12 bytes)
1659589028.623919 sending message 112 to peer 0x5566c13aea50 (13 bytes)
1659589028.623928 sending message 112 to peer 0x5566c13aea50 (13 bytes)
1659589028.623936 sending message 112 to peer 0x5566c13aea50 (13 bytes)
1659589028.623945 sending message 112 to peer 0x5566c13aea50 (8 bytes)
1659589028.623954 sending message 112 to peer 0x5566c13aea50 (13 bytes)
1659589028.623962 sending message 112 to peer 0x5566c13aea50 (13 bytes)
1659589028.623971 sending message 112 to peer 0x5566c13aea50 (13 bytes)
1659589028.623979 sending message 112 to peer 0x5566c13aea50 (13 bytes)
1659589028.623988 sending message 112 to peer 0x5566c13aea50 (13 bytes)
1659589028.623997 sending message 112 to peer 0x5566c13aea50 (12 bytes)
1659589028.624005 sending message 112 to peer 0x5566c13aea50 (12 bytes)
1659589028.624014 sending message 112 to peer 0x5566c13aea50 (12 bytes)
1659589028.624023 sending message 112 to peer 0x5566c13aea50 (12 bytes)
1659589028.624031 sending message 112 to peer 0x5566c13aea50 (13 bytes)
1659589028.624040 sending message 112 to peer 0x5566c13aea50 (8 bytes)
1659589028.624048 sending message 112 to peer 0x5566c13aea50 (13 bytes)
1659589028.624057 sending message 112 to peer 0x5566c13aea50 (13 bytes)
1659589028.624065 sending message 112 to peer 0x5566c13aea50 (13 bytes)
1659589028.624075 sending message 112 to peer 0x5566c13aea50 (13 bytes)
1659589028.624084 sending message 112 to peer 0x5566c13aea50 (13 bytes)
1659589028.624093 sending message 112 to peer 0x5566c13aea50 (13 bytes)
1659589028.624101 sending message 112 to peer 0x5566c13aea50 (13 bytes)
1659589028.624110 sending message 112 to peer 0x5566c13aea50 (12 bytes)
1659589028.624119 sending message 112 to peer 0x5566c13aea50 (12 bytes)
1659589028.624141 sending message 112 to peer 0x5566c13aea50 (12 bytes)
1659589028.624151 sending message 112 to peer 0x5566c13aea50 (8 bytes)
1659589028.624160 sending message 112 to peer 0x5566c13aea50 (12 bytes)
1659589028.624169 sending message 112 to peer 0x5566c13aea50 (13 bytes)
1659589028.624178 sending message 112 to peer 0x5566c13aea50 (13 bytes)
1659589028.624187 sending message 112 to peer 0x5566c13aea50 (13 bytes)
1659589028.624196 sending message 112 to peer 0x5566c13aea50 (13 bytes)
1659589028.624205 sending message 112 to peer 0x5566c13aea50 (13 bytes)
1659589028.624213 sending message 112 to peer 0x5566c13aea50 (13 bytes)
1659589028.624221 sending message 112 to peer 0x5566c13aea50 (13 bytes)
1659589028.624230 sending message 112 to peer 0x5566c13aea50 (13 bytes)
1659589028.624238 sending message 112 to peer 0x5566c13aea50 (12 bytes)
1659589028.624247 sending message 112 to peer 0x5566c13aea50 (10 bytes)
1659589028.624255 sending message 112 to peer 0x5566c13aea50 (12 bytes)
1659589028.624264 sending message 112 to peer 0x5566c13aea50 (12 bytes)
1659589028.624272 sending message 112 to peer 0x5566c13aea50 (12 bytes)
1659589028.624281 sending message 112 to peer 0x5566c13aea50 (13 bytes)
1659589028.624290 sending message 112 to peer 0x5566c13aea50 (13 bytes)
1659589028.624299 sending message 112 to peer 0x5566c13aea50 (13 bytes)
1659589028.624308 sending message 112 to peer 0x5566c13aea50 (13 bytes)
1659589028.624317 sending message 112 to peer 0x5566c13aea50 (13 bytes)
1659589028.624325 sending message 112 to peer 0x5566c13aea50 (13 bytes)
1659589028.624334 sending message 112 to peer 0x5566c13aea50 (13 bytes)
1659589028.624343 sending message 112 to peer 0x5566c13aea50 (10 bytes)
1659589028.624353 sending message 112 to peer 0x5566c13aea50 (13 bytes)
1659589028.624362 sending message 112 to peer 0x5566c13aea50 (12 bytes)
1659589028.624371 sending message 112 to peer 0x5566c13aea50 (12 bytes)
1659589028.624379 sending message 112 to peer 0x5566c13aea50 (12 bytes)
1659589028.624388 sending message 112 to peer 0x5566c13aea50 (10 bytes)
1659589028.624396 sending message 112 to peer 0x5566c13aea50 (10 bytes)
1659589028.624405 sending message 112 to peer 0x5566c13aea50 (10 bytes)
1659589028.624414 sending message 112 to peer 0x5566c13aea50 (12 bytes)
1659589028.624422 sending message 112 to peer 0x5566c13aea50 (13 bytes)
1659589028.624431 sending message 112 to peer 0x5566c13aea50 (13 bytes)
1659589028.624439 sending message 112 to peer 0x5566c13aea50 (13 bytes)
1659589028.624448 sending message 112 to peer 0x5566c13aea50 (13 bytes)
1659589028.624456 sending message 112 to peer 0x5566c13aea50 (13 bytes)
1659589028.624465 sending message 112 to peer 0x5566c13aea50 (10 bytes)
1659589028.624474 sending message 112 to peer 0x5566c13aea50 (11 bytes)
1659589028.624482 sending message 112 to peer 0x5566c13aea50 (12 bytes)
1659589028.624492 sending message 112 to peer 0x5566c13aea50 (12 bytes)
1659589028.624501 sending message 112 to peer 0x5566c13aea50 (12 bytes)
1659589028.624510 sending message 112 to peer 0x5566c13aea50 (12 bytes)
1659589028.624520 sending message 112 to peer 0x5566c13aea50 (12 bytes)
1659589028.624529 sending message 112 to peer 0x5566c13aea50 (11 bytes)
1659589028.624537 sending message 112 to peer 0x5566c13aea50 (12 bytes)
1659589028.624546 sending message 112 to peer 0x5566c13aea50 (12 bytes)
1659589028.624555 sending message 112 to peer 0x5566c13aea50 (13 bytes)
1659589028.624564 sending message 112 to peer 0x5566c13aea50 (13 bytes)
1659589028.624572 sending message 112 to peer 0x5566c13aea50 (13 bytes)
1659589028.624581 sending message 112 to peer 0x5566c13aea50 (13 bytes)
1659589028.624590 sending message 112 to peer 0x5566c13aea50 (13 bytes)
1659589028.624600 sending message 112 to peer 0x5566c13aea50 (10 bytes)
1659589028.624609 sending message 112 to peer 0x5566c13aea50 (9 bytes)
1659589028.624618 sending message 112 to peer 0x5566c13aea50 (12 bytes)
1659589028.624626 sending message 112 to peer 0x5566c13aea50 (13 bytes)
1659589028.624634 sending message 112 to peer 0x5566c13aea50 (13 bytes)
1659589028.624651 sending message 112 to peer 0x5566c13aea50 (13 bytes)
1659589028.624660 sending message 112 to peer 0x5566c13aea50 (13 bytes)
1659589028.624668 sending message 112 to peer 0x5566c13aea50 (13 bytes)
1659589028.624677 sending message 112 to peer 0x5566c13aea50 (9 bytes)
1659589028.624686 sending message 112 to peer 0x5566c13aea50 (12 bytes)
1659589028.624694 sending message 112 to peer 0x5566c13aea50 (13 bytes)
1659589028.624702 sending message 112 to peer 0x5566c13aea50 (13 bytes)
1659589028.624711 sending message 112 to peer 0x5566c13aea50 (13 bytes)
1659589028.624719 sending message 112 to peer 0x5566c13aea50 (13 bytes)
1659589028.624728 sending message 112 to peer 0x5566c13aea50 (13 bytes)
1659589028.624737 sending message 112 to peer 0x5566c13aea50 (11 bytes)
1659589028.624746 sending message 112 to peer 0x5566c13aea50 (12 bytes)
1659589028.624754 sending message 112 to peer 0x5566c13aea50 (13 bytes)
1659589028.624762 sending message 112 to peer 0x5566c13aea50 (13 bytes)
1659589028.624771 sending message 112 to peer 0x5566c13aea50 (13 bytes)
1659589028.624780 sending message 112 to peer 0x5566c13aea50 (13 bytes)
1659589028.624788 sending message 112 to peer 0x5566c13aea50 (13 bytes)
1659589028.624797 sending message 112 to peer 0x5566c13aea50 (11 bytes)
1659589028.624806 sending message 112 to peer 0x5566c13aea50 (12 bytes)
1659589028.624814 sending message 112 to peer 0x5566c13aea50 (12 bytes)
1659589028.624822 sending message 112 to peer 0x5566c13aea50 (12 bytes)
1659589028.624831 sending message 112 to peer 0x5566c13aea50 (12 bytes)
1659589028.624839 sending message 112 to peer 0x5566c13aea50 (12 bytes)
1659589028.624847 sending message 112 to peer 0x5566c13aea50 (21 bytes)
1659589028.624856 sending message 112 to peer 0x5566c13aea50 (12 bytes)
1659589028.624865 sending message 112 to peer 0x5566c13aea50 (9 bytes)
1659589028.624879 sending message 112 to peer 0x5566c13aea50 (6 bytes)
1659589028.624888 sending message 112 to peer 0x5566c13aea50 (13 bytes)
1659589028.624897 sending message 112 to peer 0x5566c13aea50 (10 bytes)
1659589028.624905 sending message 112 to peer 0x5566c13aea50 (24 bytes)
1659589028.624913 sending message 112 to peer 0x5566c13aea50 (13 bytes)
1659589028.624922 sending message 112 to peer 0x5566c13aea50 (9 bytes)
1659589028.624930 sending message 112 to peer 0x5566c13aea50 (70 bytes)
1659589028.624938 sending message 112 to peer 0x5566c13aea50 (69 bytes)
1659589028.624947 sending message 112 to peer 0x5566c13aea50 (12 bytes)
1659589028.624955 sending message 112 to peer 0x5566c13aea50 (10 bytes)
1659589028.624963 sending message 112 to peer 0x5566c13aea50 (10 bytes)
1659589028.624972 sending message 112 to peer 0x5566c13aea50 (24 bytes)
1659589028.624980 sending message 112 to peer 0x5566c13aea50 (13 bytes)
1659589028.624988 sending message 112 to peer 0x5566c13aea50 (10 bytes)
1659589028.624997 sending message 112 to peer 0x5566c13aea50 (10 bytes)
1659589028.625005 sending message 112 to peer 0x5566c13aea50 (17 bytes)
1659589028.625017 sending message 112 to peer 0x5566c13aea50 (10 bytes)
1659589028.625026 sending message 112 to peer 0x5566c13aea50 (13 bytes)
1659589028.625035 sending message 112 to peer 0x5566c13aea50 (9 bytes)
1659589028.625044 sending message 112 to peer 0x5566c13aea50 (15 bytes)
1659589028.625052 sending message 112 to peer 0x5566c13aea50 (5 bytes)
1659589028.625063 sending message 104 to peer 0x5566c13aea50 (0 bytes)
1659589028.625072 sending message 110 to peer 0x5566c13aea50 (0 bytes)
1659589028.625083 sending message 107 to peer 0x5566c13aea50 (4 bytes)
1659589028.625092 sending message 105 to peer 0x5566c13aea50 (39 bytes)
1659589028.625101 sending message 105 to peer 0x5566c13aea50 (56 bytes)
1659589028.625109 sending message 105 to peer 0x5566c13aea50 (68 bytes)
1659589028.625117 sending message 105 to peer 0x5566c13aea50 (19 bytes)
1659589028.625126 sending message 105 to peer 0x5566c13aea50 (20 bytes)
1659589028.625134 sending message 105 to peer 0x5566c13aea50 (36 bytes)
1659589028.625143 sending message 105 to peer 0x5566c13aea50 (44 bytes)
1659589028.625160 sending message 105 to peer 0x5566c13aea50 (14 bytes)
1659589028.625173 sending message 105 to peer 0x5566c13aea50 (54 bytes)
1659589028.625182 sending message 105 to peer 0x5566c13aea50 (24 bytes)
1659589028.625191 sending message 105 to peer 0x5566c13aea50 (11 bytes)
1659589028.625200 sending message 105 to peer 0x5566c13aea50 (19 bytes)
1659589028.625209 sending message 105 to peer 0x5566c13aea50 (20 bytes)
1659589028.625217 sending message 105 to peer 0x5566c13aea50 (20 bytes)
1659589028.625225 sending message 105 to peer 0x5566c13aea50 (19 bytes)
1659589028.625234 sending message 105 to peer 0x5566c13aea50 (17 bytes)
1659589028.625242 sending message 105 to peer 0x5566c13aea50 (21 bytes)
1659589028.625250 sending message 105 to peer 0x5566c13aea50 (17 bytes)
1659589028.625258 sending message 105 to peer 0x5566c13aea50 (30 bytes)
1659589028.625267 sending message 105 to peer 0x5566c13aea50 (15 bytes)
1659589028.625275 sending message 105 to peer 0x5566c13aea50 (674 bytes)
1659589028.625284 sending message 105 to peer 0x5566c13aea50 (40 bytes)
1659589028.625293 sending message 105 to peer 0x5566c13aea50 (19 bytes)
1659589028.625301 sending message 105 to peer 0x5566c13aea50 (20 bytes)
1659589028.625314 sending message 105 to peer 0x5566c13aea50 (15 bytes)
1659589028.625324 sending message 105 to peer 0x5566c13aea50 (8 bytes)
1659589028.625333 sending message 105 to peer 0x5566c13aea50 (15 bytes)
1659589028.625342 sending message 105 to peer 0x5566c13aea50 (14 bytes)
1659589028.625351 sending message 105 to peer 0x5566c13aea50 (18 bytes)
1659589028.625360 sending message 105 to peer 0x5566c13aea50 (38 bytes)
1659589028.625369 sending message 105 to peer 0x5566c13aea50 (52 bytes)
1659589028.625378 sending message 105 to peer 0x5566c13aea50 (31 bytes)
1659589028.625387 sending message 105 to peer 0x5566c13aea50 (15 bytes)
1659589028.625395 sending message 105 to peer 0x5566c13aea50 (52 bytes)
1659589028.625405 sending message 105 to peer 0x5566c13aea50 (23 bytes)
1659589028.625413 sending message 105 to peer 0x5566c13aea50 (28 bytes)
1659589028.625422 sending message 105 to peer 0x5566c13aea50 (17 bytes)
1659589028.625431 sending message 105 to peer 0x5566c13aea50 (58 bytes)
1659589028.625440 sending message 105 to peer 0x5566c13aea50 (21 bytes)
1659589028.625453 sending message 105 to peer 0x5566c13aea50 (11 bytes)
1659589028.625461 sending message 105 to peer 0x5566c13aea50 (21 bytes)
1659589028.625470 sending message 105 to peer 0x5566c13aea50 (11 bytes)
1659589028.625479 sending message 105 to peer 0x5566c13aea50 (7 bytes)
1659589028.625488 sending message 105 to peer 0x5566c13aea50 (39 bytes)
1659589028.625497 sending message 105 to peer 0x5566c13aea50 (16 bytes)
1659589028.625507 sending message 105 to peer 0x5566c13aea50 (42 bytes)
1659589028.625519 sending message 105 to peer 0x5566c13aea50 (11 bytes)
1659589028.625527 sending message 105 to peer 0x5566c13aea50 (8 bytes)
1659589028.625537 sending message 105 to peer 0x5566c13aea50 (32 bytes)
1659589028.625546 sending message 105 to peer 0x5566c13aea50 (1764 bytes)
1659589028.625608 sending message 105 to peer 0x5566c13aea50 (30 bytes)
1659589028.625621 sending message 105 to peer 0x5566c13aea50 (42 bytes)
1659589028.625631 sending message 105 to peer 0x5566c13aea50 (90 bytes)
1659589028.625639 sending message 105 to peer 0x5566c13aea50 (12 bytes)
1659589028.625648 sending message 105 to peer 0x5566c13aea50 (23 bytes)
1659589028.625658 sending message 105 to peer 0x5566c13aea50 (36 bytes)
1659589028.625668 sending message 105 to peer 0x5566c13aea50 (42 bytes)
1659589028.625677 sending message 105 to peer 0x5566c13aea50 (39 bytes)
1659589028.625686 sending message 105 to peer 0x5566c13aea50 (43 bytes)
1659589028.625696 sending message 105 to peer 0x5566c13aea50 (37 bytes)
1659589028.625705 sending message 105 to peer 0x5566c13aea50 (45 bytes)
1659589028.625714 sending message 105 to peer 0x5566c13aea50 (48 bytes)
1659589028.625723 sending message 105 to peer 0x5566c13aea50 (47 bytes)
1659589028.625733 sending message 105 to peer 0x5566c13aea50 (35 bytes)
1659589028.625751 sending message 106 to peer 0x5566c13aea50 (0 bytes)
1659589028.625877 sending message 200 to peer 0x5566c13aea50 (4 bytes)
1659589028.625888 client loop enter
1659589028.625927 client_signal: Child exited
1659589028.797873 peer 0x5566c13aea50 message 207
1659589028.797983 sending message 208 to peer 0x5566c13aea50 (0 bytes)
1659589031.639577 peer 0x5566c13aea50 message 203
1659589031.639610 sending message 205 to peer 0x5566c13aea50 (0 bytes)
1659589031.641080 peer 0x5566c13aea50 message 204
1659589031.641111 client loop exit
